Content-Type: text/plain; charset="utf-8"
Content-Transfer-Encoding: base64
MIME-Version: 1.0
Subject: =?utf-8?b?W9CR0LvQvtCz0LjQutGD0LxdINCU0L7QsdGA0L4g0L/QvtC20LDQu9C+?=
 =?utf-8?b?0LLQsNGC0Ywg0LIg0JHQu9C+0LPQuNC60YPQvCE=?=
From: webmaster@blogicum.local
To: pochta@gmail.com
Date: Sun, 28 Dec 2025 20:48:20 +0000
Message-ID: <176695490034.30872.8767124996474872988@Elina>

CiAgICDQl9C00YDQsNCy0YHRgtCy0YPQudGC0LUsINCt0LvQuNC90LAhCgogICAg0JTQvtCx0YDQ
viDQv9C+0LbQsNC70L7QstCw0YLRjCDQsiDQkdC70L7Qs9C40LrRg9C8IC0g0L/Qu9Cw0YLRhNC+
0YDQvNGDINC00LvRjyDQstC10LTQtdC90LjRjyDQsdC70L7Qs9C+0LIhCgogICAg0JLQsNGIINCw
0LrQutCw0YPQvdGCINGD0YHQv9C10YjQvdC+INGB0L7Qt9C00LDQvS4g0KLQtdC/0LXRgNGMINCy
0Ysg0LzQvtC20LXRgtC1OgogICAgLSDQn9GD0LHQu9C40LrQvtCy0LDRgtGMINC/0L7RgdGC0YsK
ICAgIC0g0JrQvtC80LzQtdC90YLQuNGA0L7QstCw0YLRjCDQv9GD0LHQu9C40LrQsNGG0LjQuCDQ
tNGA0YPQs9C40YUg0L/QvtC70YzQt9C+0LLQsNGC0LXQu9C10LkKICAgIC0g0KDQtdC00LDQutGC
0LjRgNC+0LLQsNGC0Ywg0YHQstC+0Lkg0L/RgNC+0YTQuNC70YwKCiAgICDQn9GA0LjRj9GC0L3Q
vtCz0L4g0LjRgdC/0L7Qu9GM0LfQvtCy0LDQvdC40Y8hCgogICAg0KEg0YPQstCw0LbQtdC90LjQ
tdC8LAogICAg0JrQvtC80LDQvdC00LAg0JHQu9C+0LPQuNC60YPQvAogICAgCg==

-------------------------------------------------------------------------------
